<?xml version="1.0" encoding="UTF-8"?><testsuites failures="0" name="dependency-check" tests="12"><testsuite failures="0" errors="0" time="0" id="0" name="/home/runner/.m2/repository/com/fasterxml/jackson/core/jackson-core/2.19.0-rc2/jackson-core-2.19.0-rc2.jar" package="jackson-core-2.19.0-rc2.jar" skipped="0" tests="1" timestamp="2025-04-17T05:34:58.90963302"><testcase classname="dependency-check" name="jackson-core-2.19.0-rc2.jar"/></testsuite><testsuite failures="0" errors="0" time="0" id="1" name="/home/runner/.m2/repository/com/fasterxml/jackson/core/jackson-databind/2.19.0-rc2/jackson-databind-2.19.0-rc2.jar" package="jackson-databind-2.19.0-rc2.jar" skipped="0" tests="1" timestamp="2025-04-17T05:34:58.90963302"><testcase classname="dependency-check" name="jackson-databind-2.19.0-rc2.jar"/></testsuite><testsuite failures="0" errors="0" time="0" id="2" name="/home/runner/.m2/repository/com/fasterxml/jackson/dataformat/jackson-dataformat-yaml/2.19.0-rc2/jackson-dataformat-yaml-2.19.0-rc2.jar" package="jackson-dataformat-yaml-2.19.0-rc2.jar" skipped="0" tests="1" timestamp="2025-04-17T05:34:58.90963302"><testcase classname="dependency-check" name="jackson-dataformat-yaml-2.19.0-rc2.jar"/></testsuite><testsuite failures="0" errors="0" time="0" id="3" name="/home/runner/.m2/repository/ch/qos/logback/logback-core/1.5.18/logback-core-1.5.18.jar" package="logback-core-1.5.18.jar" skipped="0" tests="1" timestamp="2025-04-17T05:34:58.90963302"><testcase classname="dependency-check" name="logback-core-1.5.18.jar"/></testsuite><testsuite failures="0" errors="0" time="0" id="4" name="/home/runner/.m2/repository/io/netty/netty-common/4.1.118.Final/netty-common-4.1.118.Final.jar/META-INF/maven/org.jctools/jctools-core/pom.xml" package="netty-common-4.1.118.Final.jar (shaded: org.jctools:jctools-core:4.0.5)" skipped="0" tests="1" timestamp="2025-04-17T05:34:58.90963302"><testcase classname="dependency-check" name="netty-common-4.1.118.Final.jar (shaded: org.jctools:jctools-core:4.0.5)"/></testsuite><testsuite failures="0" errors="0" time="0" id="5" name="/home/runner/.m2/repository/io/netty/netty-transport/4.1.118.Final/netty-transport-4.1.118.Final.jar" package="netty-transport-4.1.118.Final.jar" skipped="0" tests="1" timestamp="2025-04-17T05:34:58.90963302"><testcase classname="dependency-check" name="netty-transport-4.1.118.Final.jar"/></testsuite><testsuite failures="0" errors="0" time="0" id="6" name="/home/runner/.m2/repository/org/slf4j/slf4j-api/2.1.0-alpha1/slf4j-api-2.1.0-alpha1.jar" package="slf4j-api-2.1.0-alpha1.jar" skipped="0" tests="1" timestamp="2025-04-17T05:34:58.90963302"><testcase classname="dependency-check" name="slf4j-api-2.1.0-alpha1.jar"/></testsuite><testsuite failures="0" errors="0" time="0" id="7" name="/home/runner/.m2/repository/org/yaml/snakeyaml/2.4/snakeyaml-2.4.jar" package="snakeyaml-2.4.jar" skipped="0" tests="1" timestamp="2025-04-17T05:34:58.90963302"><testcase classname="dependency-check" name="snakeyaml-2.4.jar"/></testsuite><testsuite failures="0" errors="0" time="0" id="8" name="/home/runner/.m2/repository/io/vertx/vertx-auth-common/4.5.14/vertx-auth-common-4.5.14.jar" package="vertx-auth-common-4.5.14.jar" skipped="0" tests="1" timestamp="2025-04-17T05:34:58.90963302"><testcase classname="dependency-check" name="vertx-auth-common-4.5.14.jar"/></testsuite><testsuite failures="0" errors="0" time="0" id="9" name="/home/runner/.m2/repository/io/vertx/vertx-codegen/4.5.14/vertx-codegen-4.5.14.jar" package="vertx-codegen-4.5.14.jar" skipped="0" tests="1" timestamp="2025-04-17T05:34:58.90963302"><testcase classname="dependency-check" name="vertx-codegen-4.5.14.jar"/></testsuite><testsuite failures="0" errors="0" time="0" id="10" name="/home/runner/.m2/repository/io/vertx/vertx-core/4.5.14/vertx-core-4.5.14.jar" package="vertx-core-4.5.14.jar" skipped="0" tests="1" timestamp="2025-04-17T05:34:58.90963302"><testcase classname="dependency-check" name="vertx-core-4.5.14.jar"/></testsuite><testsuite failures="0" errors="0" time="0" id="11" name="/home/runner/.m2/repository/io/vertx/vertx-web/4.5.14/vertx-web-4.5.14.jar" package="vertx-web-4.5.14.jar" skipped="0" tests="1" timestamp="2025-04-17T05:34:58.90963302"><testcase classname="dependency-check" name="vertx-web-4.5.14.jar"/></testsuite></testsuites>