<?xml version="1.0" encoding="UTF-8"?><testsuites failures="1" name="dependency-check" tests="10"><testsuite failures="0" errors="0" time="0" id="0" name="/home/runner/.m2/repository/com/fasterxml/jackson/core/jackson-core/2.13.4/jackson-core-2.13.4.jar" package="jackson-core-2.13.4.jar" skipped="0" tests="1" timestamp="2022-09-09T09:53:06.892857718"><testcase classname="dependency-check" name="jackson-core-2.13.4.jar"/></testsuite><testsuite failures="0" errors="0" time="0" id="1" name="/home/runner/.m2/repository/com/fasterxml/jackson/core/jackson-databind/2.13.4/jackson-databind-2.13.4.jar" package="jackson-databind-2.13.4.jar" skipped="0" tests="1" timestamp="2022-09-09T09:53:06.892857718"><testcase classname="dependency-check" name="jackson-databind-2.13.4.jar"/></testsuite><testsuite failures="0" errors="0" time="0" id="2" name="/home/runner/.m2/repository/com/fasterxml/jackson/dataformat/jackson-dataformat-properties/2.13.4/jackson-dataformat-properties-2.13.4.jar" package="jackson-dataformat-properties-2.13.4.jar" skipped="0" tests="1" timestamp="2022-09-09T09:53:06.892857718"><testcase classname="dependency-check" name="jackson-dataformat-properties-2.13.4.jar"/></testsuite><testsuite failures="0" errors="0" time="0" id="3" name="/home/runner/.m2/repository/com/fasterxml/jackson/dataformat/jackson-dataformat-yaml/2.13.4/jackson-dataformat-yaml-2.13.4.jar" package="jackson-dataformat-yaml-2.13.4.jar" skipped="0" tests="1" timestamp="2022-09-09T09:53:06.892857718"><testcase classname="dependency-check" name="jackson-dataformat-yaml-2.13.4.jar"/></testsuite><testsuite failures="0" errors="0" time="0" id="4" name="/home/runner/.m2/repository/ch/qos/logback/logback-core/1.4.0/logback-core-1.4.0.jar" package="logback-core-1.4.0.jar" skipped="0" tests="1" timestamp="2022-09-09T09:53:06.892857718"><testcase classname="dependency-check" name="logback-core-1.4.0.jar"/></testsuite><testsuite failures="0" errors="0" time="0" id="5" name="/home/runner/.m2/repository/io/netty/netty-common/4.1.78.Final/netty-common-4.1.78.Final.jar/META-INF/maven/org.jctools/jctools-core/pom.xml" package="netty-common-4.1.78.Final.jar (shaded: org.jctools:jctools-core:3.1.0)" skipped="0" tests="1" timestamp="2022-09-09T09:53:06.892857718"><testcase classname="dependency-check" name="netty-common-4.1.78.Final.jar (shaded: org.jctools:jctools-core:3.1.0)"/></testsuite><testsuite failures="0" errors="0" time="0" id="6" name="/home/runner/.m2/repository/io/netty/netty-transport/4.1.78.Final/netty-transport-4.1.78.Final.jar" package="netty-transport-4.1.78.Final.jar" skipped="0" tests="1" timestamp="2022-09-09T09:53:06.892857718"><testcase classname="dependency-check" name="netty-transport-4.1.78.Final.jar"/></testsuite><testsuite failures="0" errors="0" time="0" id="7" name="/home/runner/.m2/repository/org/slf4j/slf4j-api/2.0.0/slf4j-api-2.0.0.jar" package="slf4j-api-2.0.0.jar" skipped="0" tests="1" timestamp="2022-09-09T09:53:06.892857718"><testcase classname="dependency-check" name="slf4j-api-2.0.0.jar"/></testsuite><testsuite failures="1" errors="0" time="0" id="8" name="/home/runner/.m2/repository/org/yaml/snakeyaml/1.31/snakeyaml-1.31.jar" package="snakeyaml-1.31.jar" skipped="0" tests="1" timestamp="2022-09-09T09:53:06.892857718"><testcase classname="CVE-2022-38752" name="pkg:maven/org.yaml/snakeyaml@1.31"><failure message="cvssV2: MEDIUM, score: 6.5 (/AV:N/AC:L/Au:/C:N/I:N/A:H)"/><system-out>Using snakeYAML to parse untrusted YAML files may be vulnerable to Denial of Service attacks (DOS). If the parser is running on user supplied input, an attacker may supply content that causes the parser to crash by stack-overflow.</system-out><system-err>location: /home/runner/.m2/repository/org/yaml/snakeyaml/1.31/snakeyaml-1.31.jar, project-references: [ Vertx Management Endpoints:compile ]</system-err></testcase></testsuite><testsuite failures="0" errors="0" time="0" id="9" name="/home/runner/.m2/repository/io/vertx/vertx-core/4.3.3/vertx-core-4.3.3.jar" package="vertx-core-4.3.3.jar" skipped="0" tests="1" timestamp="2022-09-09T09:53:06.892857718"><testcase classname="dependency-check" name="vertx-core-4.3.3.jar"/></testsuite><testsuite failures="0" errors="0" time="0" id="10" name="/home/runner/.m2/repository/io/vertx/vertx-web/4.3.3/vertx-web-4.3.3.jar" package="vertx-web-4.3.3.jar" skipped="0" tests="1" timestamp="2022-09-09T09:53:06.892857718"><testcase classname="dependency-check" name="vertx-web-4.3.3.jar"/></testsuite></testsuites>