<?xml version="1.0" encoding="UTF-8"?><testsuites failures="0" name="dependency-check" tests="11"><testsuite failures="0" errors="0" time="0" id="0" name="/home/runner/.m2/repository/com/fasterxml/jackson/core/jackson-annotations/2.20/jackson-annotations-2.20.jar" package="jackson-annotations-2.20.jar" skipped="0" tests="1" timestamp="2025-11-03T15:42:10.784833396"><testcase classname="dependency-check" name="jackson-annotations-2.20.jar"/></testsuite><testsuite failures="0" errors="0" time="0" id="1" name="/home/runner/.m2/repository/com/fasterxml/jackson/core/jackson-core/2.20.1/jackson-core-2.20.1.jar" package="jackson-core-2.20.1.jar" skipped="0" tests="1" timestamp="2025-11-03T15:42:10.784833396"><testcase classname="dependency-check" name="jackson-core-2.20.1.jar"/></testsuite><testsuite failures="0" errors="0" time="0" id="2" name="/home/runner/.m2/repository/com/fasterxml/jackson/core/jackson-databind/2.20.1/jackson-databind-2.20.1.jar" package="jackson-databind-2.20.1.jar" skipped="0" tests="1" timestamp="2025-11-03T15:42:10.784833396"><testcase classname="dependency-check" name="jackson-databind-2.20.1.jar"/></testsuite><testsuite failures="0" errors="0" time="0" id="3" name="/home/runner/.m2/repository/com/fasterxml/jackson/dataformat/jackson-dataformat-yaml/2.20.1/jackson-dataformat-yaml-2.20.1.jar" package="jackson-dataformat-yaml-2.20.1.jar" skipped="0" tests="1" timestamp="2025-11-03T15:42:10.784833396"><testcase classname="dependency-check" name="jackson-dataformat-yaml-2.20.1.jar"/></testsuite><testsuite failures="0" errors="0" time="0" id="4" name="/home/runner/.m2/repository/ch/qos/logback/logback-core/1.5.20/logback-core-1.5.20.jar" package="logback-core-1.5.20.jar" skipped="0" tests="1" timestamp="2025-11-03T15:42:10.784833396"><testcase classname="dependency-check" name="logback-core-1.5.20.jar"/></testsuite><testsuite failures="0" errors="0" time="0" id="5" name="/home/runner/.m2/repository/io/netty/netty-common/4.2.7.Final/netty-common-4.2.7.Final.jar/META-INF/maven/org.jctools/jctools-core/pom.xml" package="netty-common-4.2.7.Final.jar (shaded: org.jctools:jctools-core:4.0.5)" skipped="0" tests="1" timestamp="2025-11-03T15:42:10.784833396"><testcase classname="dependency-check" name="netty-common-4.2.7.Final.jar (shaded: org.jctools:jctools-core:4.0.5)"/></testsuite><testsuite failures="0" errors="0" time="0" id="6" name="/home/runner/.m2/repository/io/netty/netty-transport/4.2.7.Final/netty-transport-4.2.7.Final.jar" package="netty-transport-4.2.7.Final.jar" skipped="0" tests="1" timestamp="2025-11-03T15:42:10.784833396"><testcase classname="dependency-check" name="netty-transport-4.2.7.Final.jar"/></testsuite><testsuite failures="0" errors="0" time="0" id="7" name="/home/runner/.m2/repository/org/slf4j/slf4j-api/2.1.0-alpha1/slf4j-api-2.1.0-alpha1.jar" package="slf4j-api-2.1.0-alpha1.jar" skipped="0" tests="1" timestamp="2025-11-03T15:42:10.784833396"><testcase classname="dependency-check" name="slf4j-api-2.1.0-alpha1.jar"/></testsuite><testsuite failures="0" errors="0" time="0" id="8" name="/home/runner/.m2/repository/org/yaml/snakeyaml/2.4/snakeyaml-2.4.jar" package="snakeyaml-2.4.jar" skipped="0" tests="1" timestamp="2025-11-03T15:42:10.784833396"><testcase classname="dependency-check" name="snakeyaml-2.4.jar"/></testsuite><testsuite failures="0" errors="0" time="0" id="9" name="/home/runner/.m2/repository/io/vertx/vertx-core/5.0.5/vertx-core-5.0.5.jar" package="vertx-core-5.0.5.jar" skipped="0" tests="1" timestamp="2025-11-03T15:42:10.784833396"><testcase classname="dependency-check" name="vertx-core-5.0.5.jar"/></testsuite><testsuite failures="0" errors="0" time="0" id="10" name="/home/runner/.m2/repository/io/vertx/vertx-web/5.0.5/vertx-web-5.0.5.jar" package="vertx-web-5.0.5.jar" skipped="0" tests="1" timestamp="2025-11-03T15:42:10.784833396"><testcase classname="dependency-check" name="vertx-web-5.0.5.jar"/></testsuite></testsuites>